Сборка начата 11.10.2015 14:32:35.
     1>Проект "C:\Users\2Dent_000\Documents\GitHub\Chm\cm1_ver2\cm1_ver2.vcxproj" в узле 2 (целевые объекты Build).
     1>ClCompile:
         D:\Microsoft Visual Studio 14.0\VC\bin\CL.exe /c /ZI /nologo /W3 /WX- /sdl /Od /Oy- /D WIN32 /D _DEBUG /D _CONSOLE /D _UNICODE /D UNICODE /Gm /EHsc /RTC1 /MDd /GS /fp:precise /Zc:wchar_t /Zc:forScope /Zc:inline /Fo"Debug\\" /Fd"Debug\vc140.pdb" /Gd /TP /analyze- /errorReport:prompt functions.cpp main.cpp
         main.cpp
         functions.cpp
     1>c:\users\2dent_000\documents\github\chm\cm1_ver2\functions.cpp(75): warning C4477: 'fscanf' : format string '%lf' requires an argument of type 'double *', but variadic argument 1 has type 'float *'
         c:\users\2dent_000\documents\github\chm\cm1_ver2\functions.cpp(75): note: consider using '%f' in the format string
     1>c:\users\2dent_000\documents\github\chm\cm1_ver2\functions.cpp(84): warning C4477: 'fscanf' : format string '%lf' requires an argument of type 'double *', but variadic argument 1 has type 'float *'
         c:\users\2dent_000\documents\github\chm\cm1_ver2\functions.cpp(84): note: consider using '%f' in the format string
     1>c:\users\2dent_000\documents\github\chm\cm1_ver2\functions.cpp(99): warning C4477: 'fscanf' : format string '%lf' requires an argument of type 'double *', but variadic argument 1 has type 'float *'
         c:\users\2dent_000\documents\github\chm\cm1_ver2\functions.cpp(99): note: consider using '%f' in the format string
         Создание кода...
       Link:
         D:\Microsoft Visual Studio 14.0\VC\bin\link.exe /ERRORREPORT:PROMPT /OUT:"C:\Users\2Dent_000\Documents\GitHub\Chm\Debug\cm1_ver2.exe" /INCREMENTAL /NOLOGO kernel32.lib user32.lib gdi32.lib winspool.lib comdlg32.lib advapi32.lib shell32.lib ole32.lib oleaut32.lib uuid.lib odbc32.lib odbccp32.lib /MANIFEST /MANIFESTUAC:"level='asInvoker' uiAccess='false'" /manifest:embed /Debug /PDB:"C:\Users\2Dent_000\Documents\GitHub\Chm\Debug\cm1_ver2.pdb" /SUBSYSTEM:CONSOLE /TLBID:1 /DYNAMICBASE /NXCOMPAT /IMPLIB:"C:\Users\2Dent_000\Documents\GitHub\Chm\Debug\cm1_ver2.lib" /MACHINE:X86 Debug\functions.obj
         Debug\main.obj
         LINK : не найден или не выполнена сборка C:\Users\2Dent_000\Documents\GitHub\Chm\Debug\cm1_ver2.exe при последней инкрементной компоновке; выполняется полная компоновка
         cm1_ver2.vcxproj -> C:\Users\2Dent_000\Documents\GitHub\Chm\Debug\cm1_ver2.exe
     1>Сборка проекта "C:\Users\2Dent_000\Documents\GitHub\Chm\cm1_ver2\cm1_ver2.vcxproj" завершена (целевые объекты Build).

Сборка успешно завершена.

Затраченное время: 00:00:01.55
