c:\users\2dent_000\documents\github\chm\cm1_ver2\debug\vc140.pdb
c:\users\2dent_000\documents\github\chm\cm1_ver2\debug\vc140.idb
c:\users\2dent_000\documents\github\chm\cm1_ver2\debug\functions.obj
c:\users\2dent_000\documents\github\chm\cm1_ver2\debug\main.obj
c:\users\2dent_000\documents\github\chm\debug\cm1_ver2.ilk
c:\users\2dent_000\documents\github\chm\debug\cm1_ver2.exe
c:\users\2dent_000\documents\github\chm\debug\cm1_ver2.pdb
h:\chm\cm1_ver2\debug\functions.obj
h:\chm\cm1_ver2\debug\main.obj
h:\chm\cm1_ver2\debug\vc140.idb
h:\chm\cm1_ver2\debug\vc140.pdb
h:\chm\debug\cm1_ver2.pdb
h:\chm\debug\cm1_ver2.exe
h:\chm\debug\cm1_ver2.ilk
h:\chm\cm1_ver2\debug\cm1_ver2.tlog\cl.command.1.tlog
h:\chm\cm1_ver2\debug\cm1_ver2.tlog\cl.read.1.tlog
h:\chm\cm1_ver2\debug\cm1_ver2.tlog\cl.write.1.tlog
h:\chm\cm1_ver2\debug\cm1_ver2.tlog\link.command.1.tlog
h:\chm\cm1_ver2\debug\cm1_ver2.tlog\link.read.1.tlog
h:\chm\cm1_ver2\debug\cm1_ver2.tlog\link.write.1.tlog
