Сборка начата 20.10.2015 19:56:26.
     1>Проект "C:\Users\gener\Documents\MyPrivateGit\Chm\cm1_ver2\cm1_ver2.vcxproj" в узле 2 (целевые объекты Build).
     1>ClCompile:
         C:\Program Files (x86)\Microsoft Visual Studio 14.0\VC\bin\x86_amd64\CL.exe /c /ZI /nologo /W3 /WX- /sdl /Od /D _DEBUG /D _CONSOLE /D _UNICODE /D UNICODE /Gm /EHsc /RTC1 /MDd /GS /fp:precise /Zc:wchar_t /Zc:forScope /Zc:inline /Fo"x64\Debug\\" /Fd"x64\Debug\vc140.pdb" /Gd /TP /errorReport:prompt functions.cpp main.cpp
         functions.cpp
     1>c:\users\gener\documents\myprivategit\chm\cm1_ver2\functions.cpp(59): warning C4477: 'fscanf' : format string '%lf' requires an argument of type 'double *', but variadic argument 1 has type 'float *'
         c:\users\gener\documents\myprivategit\chm\cm1_ver2\functions.cpp(59): note: consider using '%f' in the format string
     1>c:\users\gener\documents\myprivategit\chm\cm1_ver2\functions.cpp(64): warning C4477: 'fscanf' : format string '%lf' requires an argument of type 'double *', but variadic argument 1 has type 'float *'
         c:\users\gener\documents\myprivategit\chm\cm1_ver2\functions.cpp(64): note: consider using '%f' in the format string
     1>c:\users\gener\documents\myprivategit\chm\cm1_ver2\functions.cpp(74): warning C4477: 'fscanf' : format string '%lf' requires an argument of type 'double *', but variadic argument 1 has type 'float *'
         c:\users\gener\documents\myprivategit\chm\cm1_ver2\functions.cpp(74): note: consider using '%f' in the format string
     1>c:\users\gener\documents\myprivategit\chm\cm1_ver2\functions.cpp(83): warning C4477: 'fscanf' : format string '%lf' requires an argument of type 'double *', but variadic argument 1 has type 'float *'
         c:\users\gener\documents\myprivategit\chm\cm1_ver2\functions.cpp(83): note: consider using '%f' in the format string
         Создание кода...
         Компиляция...
         main.cpp
         Создание кода...
       Link:
         C:\Program Files (x86)\Microsoft Visual Studio 14.0\VC\bin\x86_amd64\link.exe /ERRORREPORT:PROMPT /OUT:"C:\Users\gener\Documents\MyPrivateGit\Chm\x64\Debug\cm1_ver2.exe" /INCREMENTAL /NOLOGO kernel32.lib user32.lib gdi32.lib winspool.lib comdlg32.lib advapi32.lib shell32.lib ole32.lib oleaut32.lib uuid.lib odbc32.lib odbccp32.lib /MANIFEST /MANIFESTUAC:"level='asInvoker' uiAccess='false'" /manifest:embed /Debug /PDB:"C:\Users\gener\Documents\MyPrivateGit\Chm\x64\Debug\cm1_ver2.pdb" /SUBSYSTEM:CONSOLE /TLBID:1 /DYNAMICBASE /NXCOMPAT /IMPLIB:"C:\Users\gener\Documents\MyPrivateGit\Chm\x64\Debug\cm1_ver2.lib" /MACHINE:X64 x64\Debug\functions.obj
         x64\Debug\main.obj
         cm1_ver2.vcxproj -> C:\Users\gener\Documents\MyPrivateGit\Chm\x64\Debug\cm1_ver2.exe
     1>Сборка проекта "C:\Users\gener\Documents\MyPrivateGit\Chm\cm1_ver2\cm1_ver2.vcxproj" завершена (целевые объекты Build).

Сборка успешно завершена.

Затраченное время: 00:00:02.30
